2019-04-23T15:38:20+00:00 CRITICAL Cannot redeclare kill_footer() (previously declared in /home/lenovo/projektai/wordpress/wp-content/themes/zen-child/functions.php:20) in /home/lenovo/projektai/wordpress/wp-content/themes/zen-child/functions.php on line 27

2019-04-23T15:39:21+00:00 CRITICAL Cannot redeclare kill_footer() (previously declared in /home/lenovo/projektai/wordpress/wp-content/themes/zen-child/functions.php:20) in /home/lenovo/projektai/wordpress/wp-content/themes/zen-child/functions.php on line 27

2019-04-23T15:41:22+00:00 CRITICAL Cannot redeclare kill_footer() (previously declared in /home/lenovo/projektai/wordpress/wp-content/themes/zen-child/functions.php:20) in /home/lenovo/projektai/wordpress/wp-content/themes/zen-child/functions.php on line 27

2019-04-23T15:42:36+00:00 CRITICAL Cannot redeclare kill_footer() (previously declared in /home/lenovo/projektai/wordpress/wp-content/themes/zen-child/functions.php:20) in /home/lenovo/projektai/wordpress/wp-content/themes/zen-child/functions.php on line 27

2019-04-23T15:43:23+00:00 CRITICAL Cannot redeclare kill_footer() (previously declared in /home/lenovo/projektai/wordpress/wp-content/themes/zen-child/functions.php:20) in /home/lenovo/projektai/wordpress/wp-content/themes/zen-child/functions.php on line 27

2019-04-23T15:43:36+00:00 CRITICAL Cannot redeclare kill_footer() (previously declared in /home/lenovo/projektai/wordpress/wp-content/themes/zen-child/functions.php:20) in /home/lenovo/projektai/wordpress/wp-content/themes/zen-child/functions.php on line 27

2019-04-23T15:45:24+00:00 CRITICAL Cannot redeclare kill_footer() (previously declared in /home/lenovo/projektai/wordpress/wp-content/themes/zen-child/functions.php:20) in /home/lenovo/projektai/wordpress/wp-content/themes/zen-child/functions.php on line 27

2019-04-23T15:45:36+00:00 CRITICAL Cannot redeclare kill_footer() (previously declared in /home/lenovo/projektai/wordpress/wp-content/themes/zen-child/functions.php:20) in /home/lenovo/projektai/wordpress/wp-content/themes/zen-child/functions.php on line 27

2019-04-23T15:47:25+00:00 CRITICAL Cannot redeclare kill_footer() (previously declared in /home/lenovo/projektai/wordpress/wp-content/themes/zen-child/functions.php:20) in /home/lenovo/projektai/wordpress/wp-content/themes/zen-child/functions.php on line 27

2019-04-23T15:47:36+00:00 CRITICAL Cannot redeclare kill_footer() (previously declared in /home/lenovo/projektai/wordpress/wp-content/themes/zen-child/functions.php:20) in /home/lenovo/projektai/wordpress/wp-content/themes/zen-child/functions.php on line 27

2019-04-23T15:49:36+00:00 CRITICAL Cannot redeclare kill_footer() (previously declared in /home/lenovo/projektai/wordpress/wp-content/themes/zen-child/functions.php:20) in /home/lenovo/projektai/wordpress/wp-content/themes/zen-child/functions.php on line 27

2019-04-23T15:51:36+00:00 CRITICAL syntax error, unexpected '*', expecting end of file in /home/lenovo/projektai/wordpress/wp-content/themes/zen-child/functions.php on line 32

2019-04-23T16:02:47+00:00 CRITICAL syntax error, unexpected '*', expecting end of file in /home/lenovo/projektai/wordpress/wp-content/themes/zen-child/functions.php on line 32

2019-04-23T16:03:46+00:00 CRITICAL syntax error, unexpected '*', expecting end of file in /home/lenovo/projektai/wordpress/wp-content/themes/zen-child/functions.php on line 32

2019-04-23T16:04:13+00:00 CRITICAL syntax error, unexpected '*', expecting end of file in /home/lenovo/projektai/wordpress/wp-content/themes/zen-child/functions.php on line 32

2019-04-23T16:04:14+00:00 CRITICAL syntax error, unexpected '*', expecting end of file in /home/lenovo/projektai/wordpress/wp-content/themes/zen-child/functions.php on line 32

2019-04-23T16:04:16+00:00 CRITICAL syntax error, unexpected '*', expecting end of file in /home/lenovo/projektai/wordpress/wp-content/themes/zen-child/functions.php on line 32

2019-04-23T16:05:09+00:00 CRITICAL syntax error, unexpected '*', expecting end of file in /home/lenovo/projektai/wordpress/wp-content/themes/zen-child/functions.php on line 32

2019-04-23T16:05:15+00:00 CRITICAL syntax error, unexpected '*', expecting end of file in /home/lenovo/projektai/wordpress/wp-content/themes/zen-child/functions.php on line 32

2019-04-23T16:05:18+00:00 CRITICAL syntax error, unexpected '*', expecting end of file in /home/lenovo/projektai/wordpress/wp-content/themes/zen-child/functions.php on line 32

2019-04-23T16:05:42+00:00 CRITICAL syntax error, unexpected '*', expecting end of file in /home/lenovo/projektai/wordpress/wp-content/themes/zen-child/functions.php on line 32

2019-04-23T16:05:43+00:00 CRITICAL syntax error, unexpected '*', expecting end of file in /home/lenovo/projektai/wordpress/wp-content/themes/zen-child/functions.php on line 32

2019-04-23T16:05:44+00:00 CRITICAL syntax error, unexpected '*', expecting end of file in /home/lenovo/projektai/wordpress/wp-content/themes/zen-child/functions.php on line 32

2019-04-23T16:05:47+00:00 CRITICAL syntax error, unexpected '*', expecting end of file in /home/lenovo/projektai/wordpress/wp-content/themes/zen-child/functions.php on line 32

2019-04-23T16:05:49+00:00 CRITICAL syntax error, unexpected '*', expecting end of file in /home/lenovo/projektai/wordpress/wp-content/themes/zen-child/functions.php on line 32

2019-04-23T16:05:49+00:00 CRITICAL syntax error, unexpected '*', expecting end of file in /home/lenovo/projektai/wordpress/wp-content/themes/zen-child/functions.php on line 32

2019-04-23T16:05:49+00:00 CRITICAL syntax error, unexpected '*', expecting end of file in /home/lenovo/projektai/wordpress/wp-content/themes/zen-child/functions.php on line 32

2019-04-23T16:05:49+00:00 CRITICAL syntax error, unexpected '*', expecting end of file in /home/lenovo/projektai/wordpress/wp-content/themes/zen-child/functions.php on line 32

2019-04-23T16:05:50+00:00 CRITICAL syntax error, unexpected '*', expecting end of file in /home/lenovo/projektai/wordpress/wp-content/themes/zen-child/functions.php on line 32

2019-04-23T16:06:29+00:00 CRITICAL syntax error, unexpected '*', expecting end of file in /home/lenovo/projektai/wordpress/wp-content/themes/zen-child/functions.php on line 32

2019-04-23T16:06:30+00:00 CRITICAL syntax error, unexpected '*', expecting end of file in /home/lenovo/projektai/wordpress/wp-content/themes/zen-child/functions.php on line 32

2019-04-23T16:07:05+00:00 CRITICAL syntax error, unexpected '*', expecting end of file in /home/lenovo/projektai/wordpress/wp-content/themes/zen-child/functions.php on line 32

2019-04-23T16:08:08+00:00 CRITICAL syntax error, unexpected '*', expecting end of file in /home/lenovo/projektai/wordpress/wp-content/themes/zen-child/functions.php on line 32

2019-04-23T16:08:09+00:00 CRITICAL syntax error, unexpected '*', expecting end of file in /home/lenovo/projektai/wordpress/wp-content/themes/zen-child/functions.php on line 32

2019-04-23T16:08:09+00:00 CRITICAL syntax error, unexpected '*', expecting end of file in /home/lenovo/projektai/wordpress/wp-content/themes/zen-child/functions.php on line 32

2019-04-23T16:08:10+00:00 CRITICAL syntax error, unexpected '*', expecting end of file in /home/lenovo/projektai/wordpress/wp-content/themes/zen-child/functions.php on line 32

2019-04-23T16:08:10+00:00 CRITICAL syntax error, unexpected '*', expecting end of file in /home/lenovo/projektai/wordpress/wp-content/themes/zen-child/functions.php on line 32

2019-04-23T16:08:10+00:00 CRITICAL syntax error, unexpected '*', expecting end of file in /home/lenovo/projektai/wordpress/wp-content/themes/zen-child/functions.php on line 32

2019-04-23T16:08:11+00:00 CRITICAL syntax error, unexpected '*', expecting end of file in /home/lenovo/projektai/wordpress/wp-content/themes/zen-child/functions.php on line 32

2019-04-23T16:08:11+00:00 CRITICAL syntax error, unexpected '*', expecting end of file in /home/lenovo/projektai/wordpress/wp-content/themes/zen-child/functions.php on line 32

2019-04-23T16:08:11+00:00 CRITICAL syntax error, unexpected '*', expecting end of file in /home/lenovo/projektai/wordpress/wp-content/themes/zen-child/functions.php on line 32

2019-04-23T16:08:12+00:00 CRITICAL syntax error, unexpected '*', expecting end of file in /home/lenovo/projektai/wordpress/wp-content/themes/zen-child/functions.php on line 32

2019-04-23T16:18:38+00:00 CRITICAL syntax error, unexpected ')' in /home/lenovo/projektai/wordpress/wp-content/themes/zen-child/functions.php on line 34

2019-04-23T16:18:39+00:00 CRITICAL syntax error, unexpected ')' in /home/lenovo/projektai/wordpress/wp-content/themes/zen-child/functions.php on line 34

2019-04-23T16:20:53+00:00 CRITICAL syntax error, unexpected ')' in /home/lenovo/projektai/wordpress/wp-content/themes/zen-child/functions.php on line 34

2019-04-23T16:34:30+00:00 CRITICAL syntax error, unexpected '$currentIp' (T_VARIABLE) in /home/lenovo/projektai/wordpress/wp-content/themes/zen-child/functions.php on line 35

2019-04-23T16:34:31+00:00 CRITICAL syntax error, unexpected '$currentIp' (T_VARIABLE) in /home/lenovo/projektai/wordpress/wp-content/themes/zen-child/functions.php on line 35

2019-04-23T16:34:54+00:00 CRITICAL syntax error, unexpected '$currentIp' (T_VARIABLE) in /home/lenovo/projektai/wordpress/wp-content/themes/zen-child/functions.php on line 35

2019-04-23T16:34:56+00:00 CRITICAL syntax error, unexpected '$currentIp' (T_VARIABLE) in /home/lenovo/projektai/wordpress/wp-content/themes/zen-child/functions.php on line 35

2019-04-23T16:35:48+00:00 CRITICAL syntax error, unexpected '$currentIp' (T_VARIABLE) in /home/lenovo/projektai/wordpress/wp-content/themes/zen-child/functions.php on line 35

2019-04-23T16:35:50+00:00 CRITICAL syntax error, unexpected '$currentIp' (T_VARIABLE) in /home/lenovo/projektai/wordpress/wp-content/themes/zen-child/functions.php on line 35

2019-04-23T16:36:34+00:00 CRITICAL Cannot use empty array elements in arrays in /home/lenovo/projektai/wordpress/wp-content/themes/zen-child/functions.php on line 34

2019-04-23T16:37:43+00:00 CRITICAL Cannot use empty array elements in arrays in /home/lenovo/projektai/wordpress/wp-content/themes/zen-child/functions.php on line 34

2019-04-23T16:42:27+00:00 CRITICAL syntax error, unexpected '}', expecting end of file in /home/lenovo/projektai/wordpress/wp-content/themes/zen-child/functions.php on line 46

2019-04-23T16:42:28+00:00 CRITICAL syntax error, unexpected '}', expecting end of file in /home/lenovo/projektai/wordpress/wp-content/themes/zen-child/functions.php on line 46

2019-04-23T16:42:29+00:00 CRITICAL syntax error, unexpected '}', expecting end of file in /home/lenovo/projektai/wordpress/wp-content/themes/zen-child/functions.php on line 46

2019-04-23T16:42:29+00:00 CRITICAL syntax error, unexpected '}', expecting end of file in /home/lenovo/projektai/wordpress/wp-content/themes/zen-child/functions.php on line 46

2019-04-23T16:42:29+00:00 CRITICAL syntax error, unexpected '}', expecting end of file in /home/lenovo/projektai/wordpress/wp-content/themes/zen-child/functions.php on line 46

2019-04-23T16:43:46+00:00 CRITICAL syntax error, unexpected '}', expecting end of file in /home/lenovo/projektai/wordpress/wp-content/themes/zen-child/functions.php on line 46

